<?xml version="1.0" encoding="UTF-8"?>
<testng-results ignored="0" total="1" passed="1" failed="0" skipped="0">
  <reporter-output>
  </reporter-output>
  <suite started-at="2023-11-06T19:50:14 IST" name="Default suite" finished-at="2023-11-06T19:50:32 IST" duration-ms="18444">
    <groups>
    </groups>
    <test started-at="2023-11-06T19:50:14 IST" name="Default test" finished-at="2023-11-06T19:50:32 IST" duration-ms="18444">
      <class name="test.Souselogintest">
        <test-method is-config="true" signature="setup()[pri:0, instance:test.Souselogintest@1ed4ae0f]" started-at="2023-11-06T19:50:14 IST" name="setup" finished-at="2023-11-06T19:50:17 IST" duration-ms="3201" status="PASS">
          <reporter-output>
          </reporter-output>
        </test-method> <!-- setup -->
        <test-method signature="login()[pri:0, instance:test.Souselogintest@1ed4ae0f]" started-at="2023-11-06T19:50:17 IST" name="login" finished-at="2023-11-06T19:50:32 IST" duration-ms="15177" status="PASS">
          <reporter-output>
          </reporter-output>
        </test-method> <!-- login -->
      </class> <!-- test.Souselogintest -->
    </test> <!-- Default test -->
  </suite> <!-- Default suite -->
</testng-results>
